[22:06:13] [main/INFO]: Environment: authHost='https://authserver.mojang.com', accountsHost='https://api.mojang.com', sessionHost='https://sessionserver.mojang.com', servicesHost='https://api.minecraftservices.com', name='PROD'
[22:06:14] [main/INFO]: Reloading ResourceManager: Default, bukkit
[22:06:15] [Worker-Main-6/INFO]: Loaded 7 recipes
[22:06:17] [Server thread/INFO]: Starting minecraft server version 1.16.4
[22:06:17] [Server thread/INFO]: Loading properties
[22:06:17] [Server thread/INFO]: This server is running CraftBukkit version git-Spigot-37d799b-3eb7236 (MC: 1.16.4) (Implementing API version 1.16.4-R0.1-SNAPSHOT)
[22:06:17] [Server thread/INFO]: Server Ping Player Sample Count: 12
[22:06:17] [Server thread/INFO]: Using 4 threads for Netty based IO
[22:06:17] [Server thread/INFO]: Debug logging is disabled
[22:06:17] [Server thread/INFO]: Default game type: SURVIVAL
[22:06:17] [Server thread/INFO]: Generating keypair
[22:06:18] [Server thread/INFO]: Starting Minecraft server on *:25565
[22:06:18] [Server thread/INFO]: Using epoll channel type
[22:06:18] [Server thread/WARN]: Initializing Legacy Material Support. Unless you have legacy plugins and/or data this is a bug!
[22:06:23] [Server thread/WARN]: Legacy plugin dynmap v3.1-beta7-449 does not specify an api-version.
[22:06:23] [Server thread/INFO]: [dynmap] Loading dynmap v3.1-beta7-449
[22:06:23] [Server thread/INFO]: [dynmap] version=git-Spigot-37d799b-3eb7236 (MC: 1.16.4)
[22:06:23] [Server thread/INFO]: [dynmap] Mod Support API available
[22:06:23] [Server thread/INFO]: Preparing level "world"
[22:06:23] [Server thread/INFO]: -------- World Settings For [world] --------
[22:06:23] [Server thread/INFO]: Experience Merge Radius: 3.0
[22:06:23] [Server thread/INFO]: Mob Spawn Range: 6
[22:06:23] [Server thread/INFO]: Cactus Growth Modifier: 100%
[22:06:23] [Server thread/INFO]: Cane Growth Modifier: 100%
[22:06:23] [Server thread/INFO]: Melon Growth Modifier: 100%
[22:06:23] [Server thread/INFO]: Mushroom Growth Modifier: 100%
[22:06:23] [Server thread/INFO]: Pumpkin Growth Modifier: 100%
[22:06:23] [Server thread/INFO]: Sapling Growth Modifier: 100%
[22:06:23] [Server thread/INFO]: Beetroot Growth Modifier: 100%
[22:06:23] [Server thread/INFO]: Carrot Growth Modifier: 100%
[22:06:23] [Server thread/INFO]: Potato Growth Modifier: 100%
[22:06:23] [Server thread/INFO]: Wheat Growth Modifier: 100%
[22:06:23] [Server thread/INFO]: NetherWart Growth Modifier: 100%
[22:06:23] [Server thread/INFO]: Vine Growth Modifier: 100%
[22:06:23] [Server thread/INFO]: Cocoa Growth Modifier: 100%
[22:06:23] [Server thread/INFO]: Bamboo Growth Modifier: 100%
[22:06:23] [Server thread/INFO]: SweetBerry Growth Modifier: 100%
[22:06:23] [Server thread/INFO]: Kelp Growth Modifier: 100%
[22:06:23] [Server thread/INFO]: Entity Activation Range: An 32 / Mo 32 / Ra 48 / Mi 16 / Tiv true
[22:06:23] [Server thread/INFO]: Hopper Transfer: 8 Hopper Check: 1 Hopper Amount: 1
[22:06:23] [Server thread/INFO]: Custom Map Seeds:  Village: 10387312 Desert: 14357617 Igloo: 14357618 Jungle: 14357619 Swamp: 14357620 Monument: 10387313 Ocean: 14357621 Shipwreck: 165745295 End City: 10387313 Slime: 987234911 Bastion: 30084232 Fortress: 30084232 Mansion: 10387319 Fossil: 14357921 Portal: 34222645
[22:06:23] [Server thread/INFO]: Max TNT Explosions: 100
[22:06:23] [Server thread/INFO]: Tile Max Tick Time: 50ms Entity max Tick Time: 50ms
[22:06:23] [Server thread/INFO]: Entity Tracking Range: Pl 48 / An 48 / Mo 48 / Mi 32 / Other 64
[22:06:23] [Server thread/INFO]: Allow Zombie Pigmen to spawn from portal blocks: true
[22:06:23] [Server thread/INFO]: View Distance: 10
[22:06:23] [Server thread/INFO]: Item Despawn Rate: 6000
[22:06:23] [Server thread/INFO]: Item Merge Radius: 2.5
[22:06:23] [Server thread/INFO]: Arrow Despawn Rate: 1200 Trident Respawn Rate:1200
[22:06:23] [Server thread/INFO]: Zombie Aggressive Towards Villager: true
[22:06:23] [Server thread/INFO]: Nerfing mobs spawned from spawners: false
[22:06:23] [Server thread/INFO]: -------- World Settings For [world_nether] --------
[22:06:23] [Server thread/INFO]: Experience Merge Radius: 3.0
[22:06:23] [Server thread/INFO]: Mob Spawn Range: 6
[22:06:23] [Server thread/INFO]: Cactus Growth Modifier: 100%
[22:06:23] [Server thread/INFO]: Cane Growth Modifier: 100%
[22:06:23] [Server thread/INFO]: Melon Growth Modifier: 100%
[22:06:23] [Server thread/INFO]: Mushroom Growth Modifier: 100%
[22:06:23] [Server thread/INFO]: Pumpkin Growth Modifier: 100%
[22:06:23] [Server thread/INFO]: Sapling Growth Modifier: 100%
[22:06:23] [Server thread/INFO]: Beetroot Growth Modifier: 100%
[22:06:23] [Server thread/INFO]: Carrot Growth Modifier: 100%
[22:06:23] [Server thread/INFO]: Potato Growth Modifier: 100%
[22:06:23] [Server thread/INFO]: Wheat Growth Modifier: 100%
[22:06:23] [Server thread/INFO]: NetherWart Growth Modifier: 100%
[22:06:23] [Server thread/INFO]: Vine Growth Modifier: 100%
[22:06:23] [Server thread/INFO]: Cocoa Growth Modifier: 100%
[22:06:23] [Server thread/INFO]: Bamboo Growth Modifier: 100%
[22:06:23] [Server thread/INFO]: SweetBerry Growth Modifier: 100%
[22:06:23] [Server thread/INFO]: Kelp Growth Modifier: 100%
[22:06:23] [Server thread/INFO]: Entity Activation Range: An 32 / Mo 32 / Ra 48 / Mi 16 / Tiv true
[22:06:23] [Server thread/INFO]: Hopper Transfer: 8 Hopper Check: 1 Hopper Amount: 1
[22:06:23] [Server thread/INFO]: Custom Map Seeds:  Village: 10387312 Desert: 14357617 Igloo: 14357618 Jungle: 14357619 Swamp: 14357620 Monument: 10387313 Ocean: 14357621 Shipwreck: 165745295 End City: 10387313 Slime: 987234911 Bastion: 30084232 Fortress: 30084232 Mansion: 10387319 Fossil: 14357921 Portal: 34222645
[22:06:23] [Server thread/INFO]: Max TNT Explosions: 100
[22:06:23] [Server thread/INFO]: Tile Max Tick Time: 50ms Entity max Tick Time: 50ms
[22:06:23] [Server thread/INFO]: Entity Tracking Range: Pl 48 / An 48 / Mo 48 / Mi 32 / Other 64
[22:06:23] [Server thread/INFO]: Allow Zombie Pigmen to spawn from portal blocks: true
[22:06:23] [Server thread/INFO]: View Distance: 10
[22:06:23] [Server thread/INFO]: Item Despawn Rate: 6000
[22:06:23] [Server thread/INFO]: Item Merge Radius: 2.5
[22:06:23] [Server thread/INFO]: Arrow Despawn Rate: 1200 Trident Respawn Rate:1200
[22:06:23] [Server thread/INFO]: Zombie Aggressive Towards Villager: true
[22:06:23] [Server thread/INFO]: Nerfing mobs spawned from spawners: false
[22:06:23] [Server thread/INFO]: -------- World Settings For [world_the_end] --------
[22:06:23] [Server thread/INFO]: Experience Merge Radius: 3.0
[22:06:23] [Server thread/INFO]: Mob Spawn Range: 6
[22:06:23] [Server thread/INFO]: Cactus Growth Modifier: 100%
[22:06:23] [Server thread/INFO]: Cane Growth Modifier: 100%
[22:06:23] [Server thread/INFO]: Melon Growth Modifier: 100%
[22:06:23] [Server thread/INFO]: Mushroom Growth Modifier: 100%
[22:06:23] [Server thread/INFO]: Pumpkin Growth Modifier: 100%
[22:06:23] [Server thread/INFO]: Sapling Growth Modifier: 100%
[22:06:23] [Server thread/INFO]: Beetroot Growth Modifier: 100%
[22:06:23] [Server thread/INFO]: Carrot Growth Modifier: 100%
[22:06:23] [Server thread/INFO]: Potato Growth Modifier: 100%
[22:06:23] [Server thread/INFO]: Wheat Growth Modifier: 100%
[22:06:23] [Server thread/INFO]: NetherWart Growth Modifier: 100%
[22:06:23] [Server thread/INFO]: Vine Growth Modifier: 100%
[22:06:23] [Server thread/INFO]: Cocoa Growth Modifier: 100%
[22:06:23] [Server thread/INFO]: Bamboo Growth Modifier: 100%
[22:06:23] [Server thread/INFO]: SweetBerry Growth Modifier: 100%
[22:06:23] [Server thread/INFO]: Kelp Growth Modifier: 100%
[22:06:23] [Server thread/INFO]: Entity Activation Range: An 32 / Mo 32 / Ra 48 / Mi 16 / Tiv true
[22:06:23] [Server thread/INFO]: Hopper Transfer: 8 Hopper Check: 1 Hopper Amount: 1
[22:06:23] [Server thread/INFO]: Custom Map Seeds:  Village: 10387312 Desert: 14357617 Igloo: 14357618 Jungle: 14357619 Swamp: 14357620 Monument: 10387313 Ocean: 14357621 Shipwreck: 165745295 End City: 10387313 Slime: 987234911 Bastion: 30084232 Fortress: 30084232 Mansion: 10387319 Fossil: 14357921 Portal: 34222645
[22:06:23] [Server thread/INFO]: Max TNT Explosions: 100
[22:06:23] [Server thread/INFO]: Tile Max Tick Time: 50ms Entity max Tick Time: 50ms
[22:06:23] [Server thread/INFO]: Entity Tracking Range: Pl 48 / An 48 / Mo 48 / Mi 32 / Other 64
[22:06:23] [Server thread/INFO]: Allow Zombie Pigmen to spawn from portal blocks: true
[22:06:23] [Server thread/INFO]: View Distance: 10
[22:06:23] [Server thread/INFO]: Item Despawn Rate: 6000
[22:06:23] [Server thread/INFO]: Item Merge Radius: 2.5
[22:06:23] [Server thread/INFO]: Arrow Despawn Rate: 1200 Trident Respawn Rate:1200
[22:06:23] [Server thread/INFO]: Zombie Aggressive Towards Villager: true
[22:06:23] [Server thread/INFO]: Nerfing mobs spawned from spawners: false
[22:06:23] [Server thread/INFO]: Preparing start region for dimension minecraft:overworld
[22:06:25] [Server thread/INFO]: Preparing spawn area: 0%
[22:06:25] [Server thread/INFO]: Preparing spawn area: 0%
[22:06:25] [Server thread/INFO]: Preparing spawn area: 0%
[22:06:25] [Server thread/INFO]: Preparing spawn area: 0%
[22:06:25] [Server thread/INFO]: Preparing spawn area: 0%
[22:06:30] [Server thread/INFO]: Preparing spawn area: 0%
[22:06:30] [Server thread/INFO]: Preparing spawn area: 0%
[22:06:30] [Server thread/INFO]: Preparing spawn area: 0%
[22:06:30] [Server thread/INFO]: Preparing spawn area: 0%
[22:06:30] [Server thread/INFO]: Preparing spawn area: 0%
[22:06:30] [Server thread/INFO]: Preparing spawn area: 0%
[22:06:30] [Server thread/INFO]: Preparing spawn area: 0%
[22:06:30] [Server thread/INFO]: Preparing spawn area: 0%
[22:06:30] [Server thread/INFO]: Preparing spawn area: 0%
[22:06:31] [Server thread/INFO]: Preparing spawn area: 83%
[22:06:31] [Server thread/INFO]: Preparing spawn area: 90%
[22:06:31] [Server thread/INFO]: Time elapsed: 7701 ms
[22:06:31] [Server thread/INFO]: Preparing start region for dimension minecraft:the_nether
[22:06:33] [Server thread/INFO]: Preparing spawn area: 0%
[22:06:33] [Server thread/INFO]: Preparing spawn area: 0%
[22:06:33] [Server thread/INFO]: Preparing spawn area: 0%
[22:06:33] [Server thread/INFO]: Preparing spawn area: 0%
[22:06:33] [Worker-Main-5/INFO]: Preparing spawn area: 83%
[22:06:34] [Worker-Main-4/INFO]: Preparing spawn area: 83%
[22:06:34] [Worker-Main-6/INFO]: Preparing spawn area: 83%
[22:06:35] [Worker-Main-5/INFO]: Preparing spawn area: 83%
[22:06:35] [Worker-Main-5/INFO]: Preparing spawn area: 83%
[22:06:36] [Worker-Main-4/INFO]: Preparing spawn area: 83%
[22:06:36] [Worker-Main-5/INFO]: Preparing spawn area: 83%
[22:06:37] [Worker-Main-5/INFO]: Preparing spawn area: 84%
[22:06:37] [Worker-Main-6/INFO]: Preparing spawn area: 88%
[22:06:38] [Worker-Main-4/INFO]: Preparing spawn area: 91%
[22:06:38] [Worker-Main-5/INFO]: Preparing spawn area: 95%
[22:06:39] [Worker-Main-6/INFO]: Preparing spawn area: 97%
[22:06:39] [Server thread/INFO]: Time elapsed: 7668 ms
[22:06:39] [Server thread/INFO]: Preparing start region for dimension minecraft:the_end
[22:06:40] [Server thread/INFO]: Preparing spawn area: 0%
[22:06:40] [Server thread/INFO]: Preparing spawn area: 0%
[22:06:40] [Server thread/INFO]: Preparing spawn area: 23%
[22:06:40] [Worker-Main-4/INFO]: Preparing spawn area: 83%
[22:06:41] [Worker-Main-4/INFO]: Preparing spawn area: 83%
[22:06:41] [Worker-Main-5/INFO]: Preparing spawn area: 83%
[22:06:42] [Worker-Main-6/INFO]: Preparing spawn area: 83%
[22:06:42] [Worker-Main-6/INFO]: Preparing spawn area: 83%
[22:06:43] [Worker-Main-6/INFO]: Preparing spawn area: 83%
[22:06:43] [Worker-Main-5/INFO]: Preparing spawn area: 83%
[22:06:44] [Worker-Main-4/INFO]: Preparing spawn area: 83%
[22:06:44] [Worker-Main-6/INFO]: Preparing spawn area: 83%
[22:06:45] [Worker-Main-6/INFO]: Preparing spawn area: 83%
[22:06:45] [Server thread/INFO]: Time elapsed: 6491 ms
[22:06:45] [Server thread/INFO]: [dynmap] Enabling dynmap v3.1-beta7-449
[22:06:45] [Server thread/INFO]: [dynmap] Using Bukkit Permissions (superperms) for access control
[22:06:45] [Server thread/INFO]: [dynmap] Web interface permissions only available for online users
[22:06:46] [Server thread/INFO]: [dynmap] Mod Support processing completed
[22:06:47] [Server thread/INFO]: [dynmap] Loaded 25 shaders.
[22:06:47] [Server thread/INFO]: [dynmap] Loaded 82 perspectives.
[22:06:47] [Server thread/INFO]: [dynmap] Loaded 22 lightings.
[22:06:47] [Server thread/INFO]: [dynmap] Starting enter/exit processing
[22:06:47] [Dynmap Render Thread/INFO]: [dynmap] Finish marker initialization
[22:06:48] [Server thread/INFO]: [dynmap] Web server started on address 0.0.0.0:8123
[22:06:48] [Server thread/INFO]: [dynmap] version 3.1-beta7-449 is enabled - core version 3.1-beta7-449
[22:06:48] [Server thread/INFO]: [dynmap] For support, visit https://reddit.com/r/Dynmap or our Discord at https://discord.gg/s3rd5qn
[22:06:48] [Server thread/INFO]: [dynmap] To report or track bugs, visit https://github.com/webbukkit/dynmap/issues
[22:06:48] [Server thread/INFO]: [dynmap] If you'd like to donate, please visit https://www.patreon.com/dynmap or https://ko-fi.com/michaelprimm
[22:06:48] [Server thread/INFO]: [dynmap] Loaded 3 maps of world 'world'.
[22:06:48] [Server thread/INFO]: [dynmap] Loaded 1202 pending tile renders for world 'world'
[22:06:48] [Server thread/INFO]: [dynmap] Full render for world 'world' restored
[22:06:48] [Server thread/INFO]: [dynmap] Loaded 2 maps of world 'world_nether'.
[22:06:48] [Server thread/INFO]: [dynmap] Loaded 2 maps of world 'world_the_end'.
[22:06:48] [Server thread/INFO]: [dynmap] Enabled
[22:06:48] [Server thread/INFO]: Server permissions file permissions.yml is empty, ignoring it
[22:06:48] [Server thread/INFO]: Done (24.784s)! For help, type "help"
[22:06:49] [Dynmap Render Thread/INFO]: [dynmap] Loading default resource pack
[22:06:57] [User Authenticator #1/INFO]: UUID of player nekkan is b6bde4e3-2d36-441e-a915-ef0c2cef1e0e
[22:06:57] [Server thread/INFO]: nekkan[/0:0:0:0:0:0:0:1%0:51186] logged in with entity id 156 at ([world]6875.699999988079, 201.0, 4994.433238131623)
[22:07:04] [Server thread/INFO]: nekkan issued server command: /time set 0
[22:07:04] [Server thread/INFO]: [nekkan: Set the time to 0]
[22:07:06] [Server thread/INFO]: nekkan issued server command: /tp 2700 64 1200
[22:07:06] [Server thread/WARN]: Entity EntityPlayer['nekkan'/156, l='ServerLevel[world]', x=2700.50, y=64.00, z=1200.50](nekkan at 2700.5,64.0,1200.5) left loaded chunk area
[22:07:06] [Server thread/INFO]: [nekkan: Teleported nekkan to 2700.5, 64.0, 1200.5]
[22:07:08] [Server thread/INFO]: nekkan issued server command: /gamemode spectator
[22:07:08] [Server thread/INFO]: [nekkan: Set own game mode to Spectator Mode]
[22:09:23] [Server thread/INFO]: nekkan issued server command: /locatebiome
[22:09:25] [Server thread/INFO]: nekkan issued server command: /locatebiome minecraft:badlands_plateau
[22:09:30] [Async Chat Thread - #0/INFO]: <nekkan> a[m
[22:09:31] [Server thread/WARN]: Can't keep up! Is the server overloaded? Running 5937ms or 118 ticks behind
[22:09:31] [Server thread/WARN]: nekkan moved too quickly! 15.911129600694949,0.0,-62.733132905400566
[22:09:31] [Server thread/INFO]: nekkan issued server command: /
[22:10:27] [Server thread/INFO]: nekkan lost connection: Disconnected
[22:10:27] [Server thread/INFO]: nekkan left the game
[22:11:25] [Thread-2/INFO]: Stopping server
